[2026-05-16 14:34:43] ==================================================
[2026-05-16 14:34:43]  Monitor iniciado | PID: 166653 | Umbral: 90%
[2026-05-16 14:34:43] ==================================================
[2026-05-16 14:34:43] Revisión de disco: uso actual Uso
43%
monitoreo_disco.sh: línea 71: [: Uso
43: se esperaba un entero
[2026-05-16 14:34:43] ☑️ Uso dentro del límite. Sin acción requerida.
[2026-05-16 14:34:43] Próxima revisión en 5 segundos.
[2026-05-16 14:34:43] --------------------------------------------------
[2026-05-16 14:34:48] Revisión de disco: uso actual Uso
43%
monitoreo_disco.sh: línea 71: [: Uso
43: se esperaba un entero
[2026-05-16 14:34:48] ☑️ Uso dentro del límite. Sin acción requerida.
[2026-05-16 14:34:48] Próxima revisión en 5 segundos.
[2026-05-16 14:34:48] --------------------------------------------------
[2026-05-16 14:34:53] Revisión de disco: uso actual Uso
43%
monitoreo_disco.sh: línea 71: [: Uso
43: se esperaba un entero
[2026-05-16 14:34:53] ☑️ Uso dentro del límite. Sin acción requerida.
[2026-05-16 14:34:53] Próxima revisión en 5 segundos.
[2026-05-16 14:34:53] --------------------------------------------------
[2026-05-16 14:34:58] Revisión de disco: uso actual Uso
43%
monitoreo_disco.sh: línea 71: [: Uso
43: se esperaba un entero
[2026-05-16 14:34:58] ☑️ Uso dentro del límite. Sin acción requerida.
[2026-05-16 14:34:58] Próxima revisión en 5 segundos.
[2026-05-16 14:34:58] --------------------------------------------------
[2026-05-16 14:35:03] Revisión de disco: uso actual Uso
43%
monitoreo_disco.sh: línea 71: [: Uso
43: se esperaba un entero
[2026-05-16 14:35:03] ☑️ Uso dentro del límite. Sin acción requerida.
[2026-05-16 14:35:03] Próxima revisión en 5 segundos.
[2026-05-16 14:35:03] --------------------------------------------------
[2026-05-16 14:35:08] Revisión de disco: uso actual Uso
43%
monitoreo_disco.sh: línea 71: [: Uso
43: se esperaba un entero
[2026-05-16 14:35:08] ☑️ Uso dentro del límite. Sin acción requerida.
[2026-05-16 14:35:08] Próxima revisión en 5 segundos.
[2026-05-16 14:35:08] --------------------------------------------------
[2026-05-16 14:35:13] Revisión de disco: uso actual Uso
43%
monitoreo_disco.sh: línea 71: [: Uso
43: se esperaba un entero
[2026-05-16 14:35:13] ☑️ Uso dentro del límite. Sin acción requerida.
[2026-05-16 14:35:13] Próxima revisión en 5 segundos.
[2026-05-16 14:35:13] --------------------------------------------------
[2026-05-16 14:35:18] Revisión de disco: uso actual Uso
43%
monitoreo_disco.sh: línea 71: [: Uso
43: se esperaba un entero
[2026-05-16 14:35:18] ☑️ Uso dentro del límite. Sin acción requerida.
[2026-05-16 14:35:18] Próxima revisión en 5 segundos.
[2026-05-16 14:35:18] --------------------------------------------------
[2026-05-16 14:35:23] Revisión de disco: uso actual Uso
43%
monitoreo_disco.sh: línea 71: [: Uso
43: se esperaba un entero
[2026-05-16 14:35:23] ☑️ Uso dentro del límite. Sin acción requerida.
[2026-05-16 14:35:23] Próxima revisión en 5 segundos.
[2026-05-16 14:35:23] --------------------------------------------------
[2026-05-16 14:35:28] Revisión de disco: uso actual Uso
43%
monitoreo_disco.sh: línea 71: [: Uso
43: se esperaba un entero
[2026-05-16 14:35:28] ☑️ Uso dentro del límite. Sin acción requerida.
[2026-05-16 14:35:28] Próxima revisión en 5 segundos.
[2026-05-16 14:35:28] --------------------------------------------------
[2026-05-16 14:35:33] Revisión de disco: uso actual Uso
43%
monitoreo_disco.sh: línea 71: [: Uso
43: se esperaba un entero
[2026-05-16 14:35:33] ☑️ Uso dentro del límite. Sin acción requerida.
[2026-05-16 14:35:33] Próxima revisión en 5 segundos.
[2026-05-16 14:35:33] --------------------------------------------------
[2026-05-16 14:35:38] Revisión de disco: uso actual Uso
43%
monitoreo_disco.sh: línea 71: [: Uso
43: se esperaba un entero
[2026-05-16 14:35:38] ☑️ Uso dentro del límite. Sin acción requerida.
[2026-05-16 14:35:38] Próxima revisión en 5 segundos.
[2026-05-16 14:35:38] --------------------------------------------------
[2026-05-16 14:35:43] Revisión de disco: uso actual Uso
43%
monitoreo_disco.sh: línea 71: [: Uso
43: se esperaba un entero
[2026-05-16 14:35:43] ☑️ Uso dentro del límite. Sin acción requerida.
[2026-05-16 14:35:43] Próxima revisión en 5 segundos.
[2026-05-16 14:35:43] --------------------------------------------------
[2026-05-16 14:35:48] Revisión de disco: uso actual Uso
43%
monitoreo_disco.sh: línea 71: [: Uso
43: se esperaba un entero
[2026-05-16 14:35:48] ☑️ Uso dentro del límite. Sin acción requerida.
[2026-05-16 14:35:48] Próxima revisión en 5 segundos.
[2026-05-16 14:35:48] --------------------------------------------------
[2026-05-16 14:35:53] Revisión de disco: uso actual Uso
43%
monitoreo_disco.sh: línea 71: [: Uso
43: se esperaba un entero
[2026-05-16 14:35:53] ☑️ Uso dentro del límite. Sin acción requerida.
[2026-05-16 14:35:53] Próxima revisión en 5 segundos.
[2026-05-16 14:35:53] --------------------------------------------------
[2026-05-16 14:35:58] Revisión de disco: uso actual Uso
43%
monitoreo_disco.sh: línea 71: [: Uso
43: se esperaba un entero
[2026-05-16 14:35:58] ☑️ Uso dentro del límite. Sin acción requerida.
[2026-05-16 14:35:58] Próxima revisión en 5 segundos.
[2026-05-16 14:35:58] --------------------------------------------------
[2026-05-16 14:36:03] Revisión de disco: uso actual Uso
43%
monitoreo_disco.sh: línea 71: [: Uso
43: se esperaba un entero
[2026-05-16 14:36:03] ☑️ Uso dentro del límite. Sin acción requerida.
[2026-05-16 14:36:03] Próxima revisión en 5 segundos.
[2026-05-16 14:36:03] --------------------------------------------------
[2026-05-16 14:36:08] Revisión de disco: uso actual Uso
43%
monitoreo_disco.sh: línea 71: [: Uso
43: se esperaba un entero
[2026-05-16 14:36:08] ☑️ Uso dentro del límite. Sin acción requerida.
[2026-05-16 14:36:08] Próxima revisión en 5 segundos.
[2026-05-16 14:36:08] --------------------------------------------------
[2026-05-16 14:36:13] Revisión de disco: uso actual Uso
43%
monitoreo_disco.sh: línea 71: [: Uso
43: se esperaba un entero
[2026-05-16 14:36:13] ☑️ Uso dentro del límite. Sin acción requerida.
[2026-05-16 14:36:13] Próxima revisión en 5 segundos.
[2026-05-16 14:36:13] --------------------------------------------------
[2026-05-16 14:36:18] Revisión de disco: uso actual Uso
43%
monitoreo_disco.sh: línea 71: [: Uso
43: se esperaba un entero
[2026-05-16 14:36:18] ☑️ Uso dentro del límite. Sin acción requerida.
[2026-05-16 14:36:18] Próxima revisión en 5 segundos.
[2026-05-16 14:36:18] --------------------------------------------------
[2026-05-16 14:36:23] Revisión de disco: uso actual Uso
43%
monitoreo_disco.sh: línea 71: [: Uso
43: se esperaba un entero
[2026-05-16 14:36:23] ☑️ Uso dentro del límite. Sin acción requerida.
[2026-05-16 14:36:23] Próxima revisión en 5 segundos.
[2026-05-16 14:36:23] --------------------------------------------------
[2026-05-16 14:36:28] Revisión de disco: uso actual Uso
43%
monitoreo_disco.sh: línea 71: [: Uso
43: se esperaba un entero
[2026-05-16 14:36:28] ☑️ Uso dentro del límite. Sin acción requerida.
[2026-05-16 14:36:28] Próxima revisión en 5 segundos.
[2026-05-16 14:36:28] --------------------------------------------------
[2026-05-16 14:36:33] Revisión de disco: uso actual Uso
43%
monitoreo_disco.sh: línea 71: [: Uso
43: se esperaba un entero
[2026-05-16 14:36:33] ☑️ Uso dentro del límite. Sin acción requerida.
[2026-05-16 14:36:33] Próxima revisión en 5 segundos.
[2026-05-16 14:36:33] --------------------------------------------------
[2026-05-16 14:36:38] Revisión de disco: uso actual Uso
43%
monitoreo_disco.sh: línea 71: [: Uso
43: se esperaba un entero
[2026-05-16 14:36:38] ☑️ Uso dentro del límite. Sin acción requerida.
[2026-05-16 14:36:38] Próxima revisión en 5 segundos.
[2026-05-16 14:36:38] --------------------------------------------------
[2026-05-16 14:36:43] Revisión de disco: uso actual Uso
43%
monitoreo_disco.sh: línea 71: [: Uso
43: se esperaba un entero
[2026-05-16 14:36:43] ☑️ Uso dentro del límite. Sin acción requerida.
[2026-05-16 14:36:43] Próxima revisión en 5 segundos.
[2026-05-16 14:36:43] --------------------------------------------------
[2026-05-16 14:36:48] Revisión de disco: uso actual Uso
43%
monitoreo_disco.sh: línea 71: [: Uso
43: se esperaba un entero
[2026-05-16 14:36:48] ☑️ Uso dentro del límite. Sin acción requerida.
[2026-05-16 14:36:48] Próxima revisión en 5 segundos.
[2026-05-16 14:36:48] --------------------------------------------------
[2026-05-16 14:36:53] Revisión de disco: uso actual Uso
43%
monitoreo_disco.sh: línea 71: [: Uso
43: se esperaba un entero
[2026-05-16 14:36:53] ☑️ Uso dentro del límite. Sin acción requerida.
[2026-05-16 14:36:53] Próxima revisión en 5 segundos.
[2026-05-16 14:36:53] --------------------------------------------------
